2025-05-03 17:31:34,893 Reading data from a file
2025-05-03 17:39:36,168 Initializing a class object Research
2025-05-03 17:39:36,170 Reading data from a file
2025-05-03 17:39:36,170 Initializing a class object Calculations/Analytics
2025-05-03 17:39:36,170 Calculating the counts of heads and tails
2025-05-03 17:39:36,170 calculating the percentage of heads and tails
2025-05-03 17:39:36,171 Calculating the counts of heads and tails
2025-05-03 17:39:36,171 Prediction of 3 events
2025-05-03 17:39:36,171 Initializing a class object Calculations/Analytics
2025-05-03 17:39:36,171 Calculating the counts of heads and tails
2025-05-03 17:39:36,172 Writing a report to file
2025-05-05 16:16:02,572 Initializing a class object Research
2025-05-05 16:16:02,582 Reading data from a file
2025-05-05 16:16:02,582 Initializing a class object Calculations/Analytics
2025-05-05 16:16:02,582 Calculating the counts of heads and tails
2025-05-05 16:16:02,582 calculating the percentage of heads and tails
2025-05-05 16:16:02,582 Calculating the counts of heads and tails
2025-05-05 16:16:02,583 Prediction of 3 events
2025-05-05 16:16:02,583 Initializing a class object Calculations/Analytics
2025-05-05 16:16:02,583 Calculating the counts of heads and tails
2025-05-05 16:16:02,585 Writing a report to file
2025-05-05 20:41:01,767 Initializing a class object Research
2025-05-05 20:41:01,777 Reading data from a file
2025-05-05 20:41:01,777 Initializing a class object Calculations/Analytics
2025-05-05 20:41:01,778 Calculating the counts of heads and tails
2025-05-05 20:41:01,778 calculating the percentage of heads and tails
2025-05-05 20:41:01,778 Calculating the counts of heads and tails
2025-05-05 20:41:01,778 Prediction of 3 events
2025-05-05 20:41:01,779 Initializing a class object Calculations/Analytics
2025-05-05 20:41:01,779 Calculating the counts of heads and tails
2025-05-05 20:41:01,783 Writing a report to file
2025-05-05 20:45:29,510 Initializing a class object Research
2025-05-05 20:45:29,513 Reading data from a file
2025-05-05 20:45:29,513 Initializing a class object Calculations/Analytics
2025-05-05 20:45:29,513 Calculating the counts of heads and tails
2025-05-05 20:45:29,513 calculating the percentage of heads and tails
2025-05-05 20:45:29,514 Calculating the counts of heads and tails
2025-05-05 20:45:29,514 Prediction of 3 events
2025-05-05 20:45:29,514 Initializing a class object Calculations/Analytics
2025-05-05 20:45:29,514 Calculating the counts of heads and tails
2025-05-05 20:45:29,516 Writing a report to file
2025-05-05 20:52:16,870 Initializing a class object Research
2025-05-05 20:52:16,873 Reading data from a file
2025-05-05 20:52:16,874 Initializing a class object Calculations/Analytics
2025-05-05 20:52:16,874 Calculating the counts of heads and tails
2025-05-05 20:52:16,874 calculating the percentage of heads and tails
2025-05-05 20:52:16,874 Calculating the counts of heads and tails
2025-05-05 20:52:16,874 Prediction of 3 events
2025-05-05 20:52:16,874 Initializing a class object Calculations/Analytics
2025-05-05 20:52:16,875 Calculating the counts of heads and tails
2025-05-05 20:52:16,878 Writing a report to file
2025-05-05 20:52:17,251 Message has been send
2025-05-05 20:52:17,253 Report has beed created
2025-05-05 20:52:34,381 Initializing a class object Research
2025-05-05 20:52:34,389 Report hasn't been created
2025-05-05 20:52:34,685 Message has been send
2025-05-05 20:52:56,240 Initializing a class object Research
2025-05-05 20:52:56,241 Report hasn't been created
2025-05-05 20:52:56,496 Message has been send
2025-05-05 20:54:10,639 Initializing a class object Research
2025-05-05 20:54:10,642 Report hasn't been created
2025-05-05 20:54:11,123 Message has been send
2025-05-21 20:19:42,784 Initializing a class object Research
2025-05-21 20:19:42,787 Report hasn't been created
2025-05-21 20:19:43,122 Message has been send
2025-05-21 20:19:54,969 Initializing a class object Research
2025-05-21 20:19:54,971 Reading data from a file
2025-05-21 20:19:54,971 Initializing a class object Calculations/Analytics
2025-05-21 20:19:54,972 Calculating the counts of heads and tails
2025-05-21 20:19:54,972 calculating the percentage of heads and tails
2025-05-21 20:19:54,972 Calculating the counts of heads and tails
2025-05-21 20:19:54,972 Prediction of 3 events
2025-05-21 20:19:54,972 Initializing a class object Calculations/Analytics
2025-05-21 20:19:54,972 Calculating the counts of heads and tails
2025-05-21 20:19:54,980 Writing a report to file
2025-05-21 20:19:55,269 Message has been send
2025-05-21 20:19:55,271 Report has beed created
2025-05-21 20:20:44,215 Initializing a class object Research
2025-05-21 20:20:44,221 Reading data from a file
2025-05-21 20:20:44,221 Initializing a class object Calculations/Analytics
2025-05-21 20:20:44,221 Calculating the counts of heads and tails
2025-05-21 20:20:44,222 calculating the percentage of heads and tails
2025-05-21 20:20:44,222 Calculating the counts of heads and tails
2025-05-21 20:20:44,222 Prediction of 3 events
2025-05-21 20:20:44,222 Initializing a class object Calculations/Analytics
2025-05-21 20:20:44,223 Calculating the counts of heads and tails
2025-05-21 20:20:44,226 Writing a report to file
2025-05-21 20:20:44,572 Message has been send
2025-05-21 20:20:44,573 Report has beed created
2025-05-21 20:20:45,256 Initializing a class object Research
2025-05-21 20:20:45,259 Reading data from a file
2025-05-21 20:20:45,259 Initializing a class object Calculations/Analytics
2025-05-21 20:20:45,259 Calculating the counts of heads and tails
2025-05-21 20:20:45,259 calculating the percentage of heads and tails
2025-05-21 20:20:45,260 Calculating the counts of heads and tails
2025-05-21 20:20:45,260 Prediction of 3 events
2025-05-21 20:20:45,260 Initializing a class object Calculations/Analytics
2025-05-21 20:20:45,260 Calculating the counts of heads and tails
2025-05-21 20:20:45,263 Writing a report to file
2025-05-21 20:20:45,566 Message has been send
2025-05-21 20:20:45,568 Report has beed created
2025-05-21 20:20:55,371 Initializing a class object Research
2025-05-21 20:20:55,373 Reading data from a file
2025-05-21 20:20:55,373 Initializing a class object Calculations/Analytics
2025-05-21 20:20:55,373 Calculating the counts of heads and tails
2025-05-21 20:20:55,373 calculating the percentage of heads and tails
2025-05-21 20:20:55,373 Calculating the counts of heads and tails
2025-05-21 20:20:55,374 Prediction of 3 events
2025-05-21 20:20:55,374 Initializing a class object Calculations/Analytics
2025-05-21 20:20:55,375 Calculating the counts of heads and tails
2025-05-21 20:20:55,375 Report hasn't been created
2025-05-21 20:20:55,698 Message has been send
2025-05-21 20:21:03,397 Initializing a class object Research
2025-05-21 20:21:03,400 Reading data from a file
2025-05-21 20:21:03,400 Initializing a class object Calculations/Analytics
2025-05-21 20:21:03,400 Calculating the counts of heads and tails
2025-05-21 20:21:03,401 calculating the percentage of heads and tails
2025-05-21 20:21:03,401 Calculating the counts of heads and tails
2025-05-21 20:21:03,401 Prediction of 3 events
2025-05-21 20:21:03,401 Initializing a class object Calculations/Analytics
2025-05-21 20:21:03,401 Calculating the counts of heads and tails
2025-05-21 20:21:03,401 Report hasn't been created
2025-05-21 20:21:03,739 Message has been send
2025-05-21 20:21:21,105 Initializing a class object Research
2025-05-21 20:21:21,109 Reading data from a file
2025-05-21 20:21:21,109 Initializing a class object Calculations/Analytics
2025-05-21 20:21:21,109 Calculating the counts of heads and tails
2025-05-21 20:21:21,109 calculating the percentage of heads and tails
2025-05-21 20:21:21,109 Calculating the counts of heads and tails
2025-05-21 20:21:21,109 Prediction of 3 events
2025-05-21 20:21:21,109 Initializing a class object Calculations/Analytics
2025-05-21 20:21:21,110 Calculating the counts of heads and tails
2025-05-21 20:21:21,110 Report hasn't been created
2025-05-21 20:21:21,395 Message has been send
2025-05-21 20:21:35,641 Initializing a class object Research
2025-05-21 20:21:35,642 Reading data from a file
2025-05-21 20:21:35,642 Initializing a class object Calculations/Analytics
2025-05-21 20:21:35,642 Calculating the counts of heads and tails
2025-05-21 20:21:35,642 calculating the percentage of heads and tails
2025-05-21 20:21:35,642 Calculating the counts of heads and tails
2025-05-21 20:21:35,642 Prediction of 3 events
2025-05-21 20:21:35,642 Initializing a class object Calculations/Analytics
2025-05-21 20:21:35,642 Calculating the counts of heads and tails
2025-05-21 20:21:35,643 Report hasn't been created
2025-05-21 20:21:35,936 Message has been send
2025-05-21 20:22:23,353 Initializing a class object Research
2025-05-21 20:22:23,356 Reading data from a file
2025-05-21 20:22:23,356 Initializing a class object Calculations/Analytics
2025-05-21 20:22:23,356 Calculating the counts of heads and tails
2025-05-21 20:22:23,356 calculating the percentage of heads and tails
2025-05-21 20:22:23,356 Calculating the counts of heads and tails
2025-05-21 20:22:23,357 Prediction of 3 events
2025-05-21 20:22:23,357 Initializing a class object Calculations/Analytics
2025-05-21 20:22:23,357 Calculating the counts of heads and tails
2025-05-21 20:22:23,357 Report hasn't been created
2025-05-21 20:22:23,716 Message has been send
2025-05-21 20:23:15,934 Initializing a class object Research
2025-05-21 20:23:15,936 Report hasn't been created
2025-05-21 20:23:16,309 Message has been send
2025-05-21 20:26:23,123 Initializing a class object Research
2025-05-21 20:26:23,126 Reading data from a file
2025-05-21 20:26:23,126 Initializing a class object Calculations/Analytics
2025-05-21 20:26:23,126 Calculating the counts of heads and tails
2025-05-21 20:26:23,126 calculating the percentage of heads and tails
2025-05-21 20:26:23,126 Calculating the counts of heads and tails
2025-05-21 20:26:23,126 Prediction of 3 events
2025-05-21 20:26:23,127 Initializing a class object Calculations/Analytics
2025-05-21 20:26:23,127 Calculating the counts of heads and tails
2025-05-21 20:26:23,128 Writing a report to file
2025-05-21 20:26:23,494 Message has been send
2025-05-21 20:26:23,495 Report has beed created
